<?xml version="1.0" encoding="UTF-8"?>
<!-- Generated by org.testng.reporters.JUnitXMLReporter -->
<testsuite hostname="LAPTOP-KFR5KUOM" name="Default test" tests="5" failures="0" timestamp="16 Aug 2021 08:50:40 GMT" time="434.053" errors="0">
  <testcase name="openapp" time="91.155" classname="com.yourorganization.maven_sample.FifthUser"/>
  <testcase name="openapp" time="85.502" classname="com.yourorganization.maven_sample.SecondUser"/>
  <testcase name="openapp" time="85.815" classname="com.yourorganization.maven_sample.FourthUser"/>
  <testcase name="openapp" time="85.822" classname="com.yourorganization.maven_sample.ThirdUser"/>
  <testcase name="openapp" time="85.745" classname="com.yourorganization.maven_sample.LogicPositivizer"/>
</testsuite> <!-- Default test -->
