<?xml version="1.0" encoding="UTF-8"?>
<testng-results skipped="0" failed="0" total="1" passed="1">
  <reporter-output>
  </reporter-output>
  <suite name="Default suite" duration-ms="88665" started-at="2021-08-14T05:23:23Z" finished-at="2021-08-14T05:24:52Z">
    <groups>
    </groups>
    <test name="Default test" duration-ms="88665" started-at="2021-08-14T05:23:23Z" finished-at="2021-08-14T05:24:52Z">
      <class name="com.yourorganization.maven_sample.LogicPositivizer">
        <test-method status="PASS" signature="openapp()[pri:0, instance:com.yourorganization.maven_sample.LogicPositivizer@2d2e5f00]" name="openapp" duration-ms="88656" started-at="2021-08-14T10:53:23Z" finished-at="2021-08-14T10:54:52Z">
          <reporter-output>
          </reporter-output>
        </test-method> <!-- openapp -->
      </class> <!-- com.yourorganization.maven_sample.LogicPositivizer -->
    </test> <!-- Default test -->
  </suite> <!-- Default suite -->
</testng-results>
