<?xml version="1.0" encoding="UTF-8"?>
<!-- Generated by org.testng.reporters.JUnitXMLReporter -->
<testsuite hostname="DESKTOP-N0BUBRI" failures="0" tests="5" name="Parallel Tests" time="22.656" errors="0" timestamp="11 Aug 2021 08:41:41 GMT">
  <testcase classname="com.yourorganization.maven_sample.FifthUser" name="openapp" time="22.608"/>
  <testcase classname="com.yourorganization.maven_sample.LogicPositivizer" name="openapp" time="22.624"/>
  <testcase classname="com.yourorganization.maven_sample.FourthUser" name="openapp" time="22.627"/>
  <testcase classname="com.yourorganization.maven_sample.SecondUser" name="openapp" time="22.628"/>
  <testcase classname="com.yourorganization.maven_sample.ThirdUser" name="openapp" time="22.629"/>
</testsuite> <!-- Parallel Tests -->
